<?xml version="1.0" encoding="UTF-8"?>
<coverage generated="1723876234070" clover="3.2.0">
  <project timestamp="1723876234070" name="All files">
    <metrics statements="63" coveredstatements="61" conditionals="31" coveredconditionals="26" methods="24" coveredmethods="22" elements="118" coveredelements="109" complexity="0" loc="63" ncloc="63" packages="13" files="33" classes="33"/>
    <package name="assets.images">
      <metrics statements="9" coveredstatements="9" conditionals="0" coveredconditionals="0" methods="0" coveredmethods="0"/>
      <file name="chevron-down.svg" path="/Users/hiaweiqi/Downloads/Project_Folders/Appbay/Dashboard_app/react-dashbaord-app/src/assets/images/chevron-down.svg">
        <metrics statements="1" coveredstatements="1" conditionals="0" coveredconditionals="0" methods="0" coveredmethods="0"/>
        <line num="1" count="2" type="stmt"/>
      </file>
      <file name="document.svg" path="/Users/hiaweiqi/Downloads/Project_Folders/Appbay/Dashboard_app/react-dashbaord-app/src/assets/images/document.svg">
        <metrics statements="1" coveredstatements="1" conditionals="0" coveredconditionals="0" methods="0" coveredmethods="0"/>
        <line num="1" count="2" type="stmt"/>
      </file>
      <file name="documentItem.svg" path="/Users/hiaweiqi/Downloads/Project_Folders/Appbay/Dashboard_app/react-dashbaord-app/src/assets/images/documentItem.svg">
        <metrics statements="1" coveredstatements="1" conditionals="0" coveredconditionals="0" methods="0" coveredmethods="0"/>
        <line num="1" count="2" type="stmt"/>
      </file>
      <file name="home.svg" path="/Users/hiaweiqi/Downloads/Project_Folders/Appbay/Dashboard_app/react-dashbaord-app/src/assets/images/home.svg">
        <metrics statements="1" coveredstatements="1" conditionals="0" coveredconditionals="0" methods="0" coveredmethods="0"/>
        <line num="1" count="2" type="stmt"/>
      </file>
      <file name="idea.svg" path="/Users/hiaweiqi/Downloads/Project_Folders/Appbay/Dashboard_app/react-dashbaord-app/src/assets/images/idea.svg">
        <metrics statements="1" coveredstatements="1" conditionals="0" coveredconditionals="0" methods="0" coveredmethods="0"/>
        <line num="1" count="2" type="stmt"/>
      </file>
      <file name="index.js" path="/Users/hiaweiqi/Downloads/Project_Folders/Appbay/Dashboard_app/react-dashbaord-app/src/assets/images/index.js">
        <metrics statements="0" coveredstatements="0" conditionals="0" coveredconditionals="0" methods="0" coveredmethods="0"/>
      </file>
      <file name="logout.svg" path="/Users/hiaweiqi/Downloads/Project_Folders/Appbay/Dashboard_app/react-dashbaord-app/src/assets/images/logout.svg">
        <metrics statements="1" coveredstatements="1" conditionals="0" coveredconditionals="0" methods="0" coveredmethods="0"/>
        <line num="1" count="2" type="stmt"/>
      </file>
      <file name="menu.svg" path="/Users/hiaweiqi/Downloads/Project_Folders/Appbay/Dashboard_app/react-dashbaord-app/src/assets/images/menu.svg">
        <metrics statements="1" coveredstatements="1" conditionals="0" coveredconditionals="0" methods="0" coveredmethods="0"/>
        <line num="1" count="2" type="stmt"/>
      </file>
      <file name="privacy.svg" path="/Users/hiaweiqi/Downloads/Project_Folders/Appbay/Dashboard_app/react-dashbaord-app/src/assets/images/privacy.svg">
        <metrics statements="1" coveredstatements="1" conditionals="0" coveredconditionals="0" methods="0" coveredmethods="0"/>
        <line num="1" count="2" type="stmt"/>
      </file>
      <file name="setting.svg" path="/Users/hiaweiqi/Downloads/Project_Folders/Appbay/Dashboard_app/react-dashbaord-app/src/assets/images/setting.svg">
        <metrics statements="1" coveredstatements="1" conditionals="0" coveredconditionals="0" methods="0" coveredmethods="0"/>
        <line num="1" count="2" type="stmt"/>
      </file>
    </package>
    <package name="components">
      <metrics statements="0" coveredstatements="0" conditionals="0" coveredconditionals="0" methods="0" coveredmethods="0"/>
      <file name="index.js" path="/Users/hiaweiqi/Downloads/Project_Folders/Appbay/Dashboard_app/react-dashbaord-app/src/components/index.js">
        <metrics statements="0" coveredstatements="0" conditionals="0" coveredconditionals="0" methods="0" coveredmethods="0"/>
      </file>
    </package>
    <package name="components.Card">
      <metrics statements="2" coveredstatements="2" conditionals="0" coveredconditionals="0" methods="1" coveredmethods="1"/>
      <file name="index.css" path="/Users/hiaweiqi/Downloads/Project_Folders/Appbay/Dashboard_app/react-dashbaord-app/src/components/Card/index.css">
        <metrics statements="1" coveredstatements="1" conditionals="0" coveredconditionals="0" methods="0" coveredmethods="0"/>
        <line num="1" count="3" type="stmt"/>
      </file>
      <file name="index.jsx" path="/Users/hiaweiqi/Downloads/Project_Folders/Appbay/Dashboard_app/react-dashbaord-app/src/components/Card/index.jsx">
        <metrics statements="1" coveredstatements="1" conditionals="0" coveredconditionals="0" methods="1" coveredmethods="1"/>
        <line num="5" count="8" type="stmt"/>
      </file>
    </package>
    <package name="components.FolderTree">
      <metrics statements="3" coveredstatements="3" conditionals="6" coveredconditionals="4" methods="2" coveredmethods="2"/>
      <file name="index.css" path="/Users/hiaweiqi/Downloads/Project_Folders/Appbay/Dashboard_app/react-dashbaord-app/src/components/FolderTree/index.css">
        <metrics statements="1" coveredstatements="1" conditionals="0" coveredconditionals="0" methods="0" coveredmethods="0"/>
        <line num="1" count="2" type="stmt"/>
      </file>
      <file name="index.jsx" path="/Users/hiaweiqi/Downloads/Project_Folders/Appbay/Dashboard_app/react-dashbaord-app/src/components/FolderTree/index.jsx">
        <metrics statements="2" coveredstatements="2" conditionals="6" coveredconditionals="4" methods="2" coveredmethods="2"/>
        <line num="6" count="2" type="stmt"/>
        <line num="19" count="4" type="stmt"/>
      </file>
    </package>
    <package name="components.ProgressCircle">
      <metrics statements="3" coveredstatements="3" conditionals="0" coveredconditionals="0" methods="1" coveredmethods="1"/>
      <file name="index.css" path="/Users/hiaweiqi/Downloads/Project_Folders/Appbay/Dashboard_app/react-dashbaord-app/src/components/ProgressCircle/index.css">
        <metrics statements="1" coveredstatements="1" conditionals="0" coveredconditionals="0" methods="0" coveredmethods="0"/>
        <line num="1" count="2" type="stmt"/>
      </file>
      <file name="index.jsx" path="/Users/hiaweiqi/Downloads/Project_Folders/Appbay/Dashboard_app/react-dashbaord-app/src/components/ProgressCircle/index.jsx">
        <metrics statements="2" coveredstatements="2" conditionals="0" coveredconditionals="0" methods="1" coveredmethods="1"/>
        <line num="4" count="2" type="stmt"/>
        <line num="5" count="1" type="stmt"/>
      </file>
    </package>
    <package name="components.Sidebar">
      <metrics statements="2" coveredstatements="2" conditionals="2" coveredconditionals="2" methods="1" coveredmethods="1"/>
      <file name="index.css" path="/Users/hiaweiqi/Downloads/Project_Folders/Appbay/Dashboard_app/react-dashbaord-app/src/components/Sidebar/index.css">
        <metrics statements="1" coveredstatements="1" conditionals="0" coveredconditionals="0" methods="0" coveredmethods="0"/>
        <line num="1" count="2" type="stmt"/>
      </file>
      <file name="index.jsx" path="/Users/hiaweiqi/Downloads/Project_Folders/Appbay/Dashboard_app/react-dashbaord-app/src/components/Sidebar/index.jsx">
        <metrics statements="1" coveredstatements="1" conditionals="2" coveredconditionals="2" methods="1" coveredmethods="1"/>
        <line num="6" count="4" type="stmt"/>
      </file>
    </package>
    <package name="components.Topbar">
      <metrics statements="6" coveredstatements="5" conditionals="2" coveredconditionals="1" methods="2" coveredmethods="1"/>
      <file name="index.css" path="/Users/hiaweiqi/Downloads/Project_Folders/Appbay/Dashboard_app/react-dashbaord-app/src/components/Topbar/index.css">
        <metrics statements="1" coveredstatements="1" conditionals="0" coveredconditionals="0" methods="0" coveredmethods="0"/>
        <line num="1" count="2" type="stmt"/>
      </file>
      <file name="index.jsx" path="/Users/hiaweiqi/Downloads/Project_Folders/Appbay/Dashboard_app/react-dashbaord-app/src/components/Topbar/index.jsx">
        <metrics statements="5" coveredstatements="4" conditionals="2" coveredconditionals="1" methods="2" coveredmethods="1"/>
        <line num="5" count="2" type="stmt"/>
        <line num="6" count="4" type="stmt"/>
        <line num="8" count="4" type="stmt"/>
        <line num="9" count="0" type="stmt"/>
        <line num="12" count="4" type="stmt"/>
      </file>
    </package>
    <package name="components.Welcome">
      <metrics statements="2" coveredstatements="2" conditionals="3" coveredconditionals="3" methods="1" coveredmethods="1"/>
      <file name="index.css" path="/Users/hiaweiqi/Downloads/Project_Folders/Appbay/Dashboard_app/react-dashbaord-app/src/components/Welcome/index.css">
        <metrics statements="1" coveredstatements="1" conditionals="0" coveredconditionals="0" methods="0" coveredmethods="0"/>
        <line num="1" count="3" type="stmt"/>
      </file>
      <file name="index.jsx" path="/Users/hiaweiqi/Downloads/Project_Folders/Appbay/Dashboard_app/react-dashbaord-app/src/components/Welcome/index.jsx">
        <metrics statements="1" coveredstatements="1" conditionals="3" coveredconditionals="3" methods="1" coveredmethods="1"/>
        <line num="5" count="5" type="stmt"/>
      </file>
    </package>
    <package name="hooks">
      <metrics statements="13" coveredstatements="13" conditionals="5" coveredconditionals="3" methods="6" coveredmethods="6"/>
      <file name="index.js" path="/Users/hiaweiqi/Downloads/Project_Folders/Appbay/Dashboard_app/react-dashbaord-app/src/hooks/index.js">
        <metrics statements="0" coveredstatements="0" conditionals="0" coveredconditionals="0" methods="0" coveredmethods="0"/>
      </file>
      <file name="useApiCall.jsx" path="/Users/hiaweiqi/Downloads/Project_Folders/Appbay/Dashboard_app/react-dashbaord-app/src/hooks/useApiCall.jsx">
        <metrics statements="13" coveredstatements="13" conditionals="5" coveredconditionals="3" methods="6" coveredmethods="6"/>
        <line num="5" count="8" type="stmt"/>
        <line num="6" count="8" type="stmt"/>
        <line num="7" count="8" type="stmt"/>
        <line num="9" count="8" type="stmt"/>
        <line num="10" count="2" type="stmt"/>
        <line num="11" count="2" type="cond" truecount="1" falsecount="1"/>
        <line num="13" count="2" type="stmt"/>
        <line num="21" count="1" type="stmt"/>
        <line num="24" count="1" type="stmt"/>
        <line num="27" count="2" type="stmt"/>
        <line num="31" count="8" type="stmt"/>
        <line num="32" count="3" type="stmt"/>
        <line num="35" count="8" type="stmt"/>
      </file>
    </package>
    <package name="pages">
      <metrics statements="0" coveredstatements="0" conditionals="0" coveredconditionals="0" methods="0" coveredmethods="0"/>
      <file name="index.js" path="/Users/hiaweiqi/Downloads/Project_Folders/Appbay/Dashboard_app/react-dashbaord-app/src/pages/index.js">
        <metrics statements="0" coveredstatements="0" conditionals="0" coveredconditionals="0" methods="0" coveredmethods="0"/>
      </file>
    </package>
    <package name="pages.Home">
      <metrics statements="18" coveredstatements="17" conditionals="13" coveredconditionals="13" methods="7" coveredmethods="6"/>
      <file name="index.css" path="/Users/hiaweiqi/Downloads/Project_Folders/Appbay/Dashboard_app/react-dashbaord-app/src/pages/Home/index.css">
        <metrics statements="1" coveredstatements="1" conditionals="0" coveredconditionals="0" methods="0" coveredmethods="0"/>
        <line num="1" count="2" type="stmt"/>
      </file>
      <file name="index.jsx" path="/Users/hiaweiqi/Downloads/Project_Folders/Appbay/Dashboard_app/react-dashbaord-app/src/pages/Home/index.jsx">
        <metrics statements="17" coveredstatements="16" conditionals="13" coveredconditionals="13" methods="7" coveredmethods="6"/>
        <line num="11" count="4" type="stmt"/>
        <line num="12" count="4" type="stmt"/>
        <line num="13" count="4" type="stmt"/>
        <line num="14" count="4" type="stmt"/>
        <line num="15" count="4" type="stmt"/>
        <line num="17" count="4" type="stmt"/>
        <line num="18" count="2" type="stmt"/>
        <line num="20" count="2" type="stmt"/>
        <line num="21" count="2" type="stmt"/>
        <line num="24" count="2" type="stmt"/>
        <line num="26" count="2" type="stmt"/>
        <line num="29" count="2" type="cond" truecount="2" falsecount="0"/>
        <line num="31" count="1" type="stmt"/>
        <line num="33" count="0" type="stmt"/>
        <line num="38" count="4" type="stmt"/>
        <line num="39" count="4" type="stmt"/>
        <line num="51" count="4" type="stmt"/>
      </file>
    </package>
    <package name="pages.Home.Components">
      <metrics statements="3" coveredstatements="3" conditionals="0" coveredconditionals="0" methods="2" coveredmethods="2"/>
      <file name="CareerGoal.jsx" path="/Users/hiaweiqi/Downloads/Project_Folders/Appbay/Dashboard_app/react-dashbaord-app/src/pages/Home/Components/CareerGoal.jsx">
        <metrics statements="1" coveredstatements="1" conditionals="0" coveredconditionals="0" methods="1" coveredmethods="1"/>
        <line num="6" count="1" type="stmt"/>
      </file>
      <file name="Documents.jsx" path="/Users/hiaweiqi/Downloads/Project_Folders/Appbay/Dashboard_app/react-dashbaord-app/src/pages/Home/Components/Documents.jsx">
        <metrics statements="1" coveredstatements="1" conditionals="0" coveredconditionals="0" methods="1" coveredmethods="1"/>
        <line num="5" count="2" type="stmt"/>
      </file>
      <file name="index.css" path="/Users/hiaweiqi/Downloads/Project_Folders/Appbay/Dashboard_app/react-dashbaord-app/src/pages/Home/Components/index.css">
        <metrics statements="1" coveredstatements="1" conditionals="0" coveredconditionals="0" methods="0" coveredmethods="0"/>
        <line num="1" count="2" type="stmt"/>
      </file>
    </package>
    <package name="pages.Login">
      <metrics statements="2" coveredstatements="2" conditionals="0" coveredconditionals="0" methods="1" coveredmethods="1"/>
      <file name="index.css" path="/Users/hiaweiqi/Downloads/Project_Folders/Appbay/Dashboard_app/react-dashbaord-app/src/pages/Login/index.css">
        <metrics statements="1" coveredstatements="1" conditionals="0" coveredconditionals="0" methods="0" coveredmethods="0"/>
        <line num="1" count="1" type="stmt"/>
      </file>
      <file name="index.jsx" path="/Users/hiaweiqi/Downloads/Project_Folders/Appbay/Dashboard_app/react-dashbaord-app/src/pages/Login/index.jsx">
        <metrics statements="1" coveredstatements="1" conditionals="0" coveredconditionals="0" methods="1" coveredmethods="1"/>
        <line num="6" count="2" type="stmt"/>
      </file>
    </package>
  </project>
</coverage>
