{"/Users/hiaweiqi/Downloads/Project_Folders/Appbay/Dashboard_app/react-dashbaord-app/src/assets/images/chevron-down.svg": {"path":"/Users/hiaweiqi/Downloads/Project_Folders/Appbay/Dashboard_app/react-dashbaord-app/src/assets/images/chevron-down.svg","statementMap":{"0":{"start":{"line":1,"column":0},"end":{"line":1,"column":19}}},"fnMap":{},"branchMap":{},"s":{"0":2},"f":{},"b":{},"_coverageSchema":"1a1c01bbd47fc00a2c39e90264f33305004495a9","hash":"8ab0c34bd119ef31ec9e765e044025bc86021c39"}
,"/Users/hiaweiqi/Downloads/Project_Folders/Appbay/Dashboard_app/react-dashbaord-app/src/assets/images/document.svg": {"path":"/Users/hiaweiqi/Downloads/Project_Folders/Appbay/Dashboard_app/react-dashbaord-app/src/assets/images/document.svg","statementMap":{"0":{"start":{"line":1,"column":0},"end":{"line":1,"column":19}}},"fnMap":{},"branchMap":{},"s":{"0":2},"f":{},"b":{},"_coverageSchema":"1a1c01bbd47fc00a2c39e90264f33305004495a9","hash":"64bc9e049e45663602fce1619d8b7f62233ab4fd"}
,"/Users/hiaweiqi/Downloads/Project_Folders/Appbay/Dashboard_app/react-dashbaord-app/src/assets/images/documentItem.svg": {"path":"/Users/hiaweiqi/Downloads/Project_Folders/Appbay/Dashboard_app/react-dashbaord-app/src/assets/images/documentItem.svg","statementMap":{"0":{"start":{"line":1,"column":0},"end":{"line":1,"column":19}}},"fnMap":{},"branchMap":{},"s":{"0":2},"f":{},"b":{},"_coverageSchema":"1a1c01bbd47fc00a2c39e90264f33305004495a9","hash":"ea890cb8a04eec5b9cfe790001f9081a0b76deb5"}
,"/Users/hiaweiqi/Downloads/Project_Folders/Appbay/Dashboard_app/react-dashbaord-app/src/assets/images/home.svg": {"path":"/Users/hiaweiqi/Downloads/Project_Folders/Appbay/Dashboard_app/react-dashbaord-app/src/assets/images/home.svg","statementMap":{"0":{"start":{"line":1,"column":0},"end":{"line":1,"column":19}}},"fnMap":{},"branchMap":{},"s":{"0":2},"f":{},"b":{},"_coverageSchema":"1a1c01bbd47fc00a2c39e90264f33305004495a9","hash":"fbba83c2d218721018501274506d3b0a4fd732cd"}
,"/Users/hiaweiqi/Downloads/Project_Folders/Appbay/Dashboard_app/react-dashbaord-app/src/assets/images/idea.svg": {"path":"/Users/hiaweiqi/Downloads/Project_Folders/Appbay/Dashboard_app/react-dashbaord-app/src/assets/images/idea.svg","statementMap":{"0":{"start":{"line":1,"column":0},"end":{"line":1,"column":19}}},"fnMap":{},"branchMap":{},"s":{"0":2},"f":{},"b":{},"_coverageSchema":"1a1c01bbd47fc00a2c39e90264f33305004495a9","hash":"8b0c910a3b1b270a8f1787a8abbbfec74fe9e213"}
,"/Users/hiaweiqi/Downloads/Project_Folders/Appbay/Dashboard_app/react-dashbaord-app/src/assets/images/index.js": {"path":"/Users/hiaweiqi/Downloads/Project_Folders/Appbay/Dashboard_app/react-dashbaord-app/src/assets/images/index.js","statementMap":{},"fnMap":{},"branchMap":{},"s":{},"f":{},"b":{},"_coverageSchema":"1a1c01bbd47fc00a2c39e90264f33305004495a9","hash":"cdcb300c6f39490cd466c90b66d71b689f8f9c5e"}
,"/Users/hiaweiqi/Downloads/Project_Folders/Appbay/Dashboard_app/react-dashbaord-app/src/assets/images/logout.svg": {"path":"/Users/hiaweiqi/Downloads/Project_Folders/Appbay/Dashboard_app/react-dashbaord-app/src/assets/images/logout.svg","statementMap":{"0":{"start":{"line":1,"column":0},"end":{"line":1,"column":19}}},"fnMap":{},"branchMap":{},"s":{"0":2},"f":{},"b":{},"_coverageSchema":"1a1c01bbd47fc00a2c39e90264f33305004495a9","hash":"3a8695d949520d2997caa1cffd3ecc3d5476fa18"}
,"/Users/hiaweiqi/Downloads/Project_Folders/Appbay/Dashboard_app/react-dashbaord-app/src/assets/images/menu.svg": {"path":"/Users/hiaweiqi/Downloads/Project_Folders/Appbay/Dashboard_app/react-dashbaord-app/src/assets/images/menu.svg","statementMap":{"0":{"start":{"line":1,"column":0},"end":{"line":1,"column":19}}},"fnMap":{},"branchMap":{},"s":{"0":2},"f":{},"b":{},"_coverageSchema":"1a1c01bbd47fc00a2c39e90264f33305004495a9","hash":"bf3fd058e520fb0197ccc1e2577319c23056dfc5"}
,"/Users/hiaweiqi/Downloads/Project_Folders/Appbay/Dashboard_app/react-dashbaord-app/src/assets/images/privacy.svg": {"path":"/Users/hiaweiqi/Downloads/Project_Folders/Appbay/Dashboard_app/react-dashbaord-app/src/assets/images/privacy.svg","statementMap":{"0":{"start":{"line":1,"column":0},"end":{"line":1,"column":19}}},"fnMap":{},"branchMap":{},"s":{"0":2},"f":{},"b":{},"_coverageSchema":"1a1c01bbd47fc00a2c39e90264f33305004495a9","hash":"fa0f39f3af3ec7cad0ffc5040d1b20e594cc125b"}
,"/Users/hiaweiqi/Downloads/Project_Folders/Appbay/Dashboard_app/react-dashbaord-app/src/assets/images/setting.svg": {"path":"/Users/hiaweiqi/Downloads/Project_Folders/Appbay/Dashboard_app/react-dashbaord-app/src/assets/images/setting.svg","statementMap":{"0":{"start":{"line":1,"column":0},"end":{"line":1,"column":19}}},"fnMap":{},"branchMap":{},"s":{"0":2},"f":{},"b":{},"_coverageSchema":"1a1c01bbd47fc00a2c39e90264f33305004495a9","hash":"e68563b7f8a33450f10b9789fb467b80ca032b68"}
,"/Users/hiaweiqi/Downloads/Project_Folders/Appbay/Dashboard_app/react-dashbaord-app/src/components/index.js": {"path":"/Users/hiaweiqi/Downloads/Project_Folders/Appbay/Dashboard_app/react-dashbaord-app/src/components/index.js","statementMap":{},"fnMap":{},"branchMap":{},"s":{},"f":{},"b":{},"_coverageSchema":"1a1c01bbd47fc00a2c39e90264f33305004495a9","hash":"18dd75a3077e1cbf1da48a36dca12c7152b10327"}
,"/Users/hiaweiqi/Downloads/Project_Folders/Appbay/Dashboard_app/react-dashbaord-app/src/components/Card/index.css": {"path":"/Users/hiaweiqi/Downloads/Project_Folders/Appbay/Dashboard_app/react-dashbaord-app/src/components/Card/index.css","statementMap":{"0":{"start":{"line":1,"column":0},"end":{"line":1,"column":19}}},"fnMap":{},"branchMap":{},"s":{"0":3},"f":{},"b":{},"_coverageSchema":"1a1c01bbd47fc00a2c39e90264f33305004495a9","hash":"3e769ad01b2e2ed542434b3a982812a338d2f5cd"}
,"/Users/hiaweiqi/Downloads/Project_Folders/Appbay/Dashboard_app/react-dashbaord-app/src/components/Card/index.jsx": {"path":"/Users/hiaweiqi/Downloads/Project_Folders/Appbay/Dashboard_app/react-dashbaord-app/src/components/Card/index.jsx","statementMap":{"0":{"start":{"line":5,"column":2},"end":{"line":7,"column":3}}},"fnMap":{"0":{"name":"Card","decl":{"start":{"line":4,"column":24},"end":{"line":4,"column":28}},"loc":{"start":{"line":4,"column":48},"end":{"line":8,"column":1}},"line":4}},"branchMap":{},"s":{"0":8},"f":{"0":8},"b":{},"_coverageSchema":"1a1c01bbd47fc00a2c39e90264f33305004495a9","hash":"b824070f6ddb6115e1509e66c7e04bf7790a50a1"}
,"/Users/hiaweiqi/Downloads/Project_Folders/Appbay/Dashboard_app/react-dashbaord-app/src/components/FolderTree/index.css": {"path":"/Users/hiaweiqi/Downloads/Project_Folders/Appbay/Dashboard_app/react-dashbaord-app/src/components/FolderTree/index.css","statementMap":{"0":{"start":{"line":1,"column":0},"end":{"line":1,"column":19}}},"fnMap":{},"branchMap":{},"s":{"0":2},"f":{},"b":{},"_coverageSchema":"1a1c01bbd47fc00a2c39e90264f33305004495a9","hash":"d0ff09c1571138059762a49f1020b3a964bfc912"}
,"/Users/hiaweiqi/Downloads/Project_Folders/Appbay/Dashboard_app/react-dashbaord-app/src/components/FolderTree/index.jsx": {"path":"/Users/hiaweiqi/Downloads/Project_Folders/Appbay/Dashboard_app/react-dashbaord-app/src/components/FolderTree/index.jsx","statementMap":{"0":{"start":{"line":6,"column":2},"end":{"line":31,"column":3}},"1":{"start":{"line":19,"column":12},"end":{"line":26,"column":17}}},"fnMap":{"0":{"name":"FolderList","decl":{"start":{"line":5,"column":24},"end":{"line":5,"column":34}},"loc":{"start":{"line":5,"column":72},"end":{"line":32,"column":1}},"line":5},"1":{"name":"(anonymous_1)","decl":{"start":{"line":18,"column":26},"end":{"line":18,"column":27}},"loc":{"start":{"line":19,"column":12},"end":{"line":26,"column":17}},"line":19}},"branchMap":{"0":{"loc":{"start":{"line":12,"column":23},"end":{"line":12,"column":63}},"type":"cond-expr","locations":[{"start":{"line":12,"column":50},"end":{"line":12,"column":55}},{"start":{"line":12,"column":58},"end":{"line":12,"column":63}}],"line":12},"1":{"loc":{"start":{"line":13,"column":23},"end":{"line":13,"column":63}},"type":"cond-expr","locations":[{"start":{"line":13,"column":50},"end":{"line":13,"column":55}},{"start":{"line":13,"column":58},"end":{"line":13,"column":63}}],"line":13},"2":{"loc":{"start":{"line":23,"column":35},"end":{"line":23,"column":78}},"type":"binary-expr","locations":[{"start":{"line":23,"column":35},"end":{"line":23,"column":55}},{"start":{"line":23,"column":59},"end":{"line":23,"column":78}}],"line":23}},"s":{"0":2,"1":4},"f":{"0":2,"1":4},"b":{"0":[0,2],"1":[0,2],"2":[4,2]},"_coverageSchema":"1a1c01bbd47fc00a2c39e90264f33305004495a9","hash":"08b2fc484154e18092af62c21bca3fe54c2b01da"}
,"/Users/hiaweiqi/Downloads/Project_Folders/Appbay/Dashboard_app/react-dashbaord-app/src/components/ProgressCircle/index.css": {"path":"/Users/hiaweiqi/Downloads/Project_Folders/Appbay/Dashboard_app/react-dashbaord-app/src/components/ProgressCircle/index.css","statementMap":{"0":{"start":{"line":1,"column":0},"end":{"line":1,"column":19}}},"fnMap":{},"branchMap":{},"s":{"0":2},"f":{},"b":{},"_coverageSchema":"1a1c01bbd47fc00a2c39e90264f33305004495a9","hash":"b600f471e6d2da289bef080e3846191c236ee753"}
,"/Users/hiaweiqi/Downloads/Project_Folders/Appbay/Dashboard_app/react-dashbaord-app/src/components/ProgressCircle/index.jsx": {"path":"/Users/hiaweiqi/Downloads/Project_Folders/Appbay/Dashboard_app/react-dashbaord-app/src/components/ProgressCircle/index.jsx","statementMap":{"0":{"start":{"line":4,"column":22},"end":{"line":20,"column":1}},"1":{"start":{"line":5,"column":2},"end":{"line":19,"column":4}}},"fnMap":{"0":{"name":"(anonymous_0)","decl":{"start":{"line":4,"column":22},"end":{"line":4,"column":23}},"loc":{"start":{"line":4,"column":42},"end":{"line":20,"column":1}},"line":4}},"branchMap":{},"s":{"0":2,"1":1},"f":{"0":1},"b":{},"_coverageSchema":"1a1c01bbd47fc00a2c39e90264f33305004495a9","hash":"1368bda6aa6d5d5f447a3bdc3ec47baada509aa2"}
,"/Users/hiaweiqi/Downloads/Project_Folders/Appbay/Dashboard_app/react-dashbaord-app/src/components/Sidebar/index.css": {"path":"/Users/hiaweiqi/Downloads/Project_Folders/Appbay/Dashboard_app/react-dashbaord-app/src/components/Sidebar/index.css","statementMap":{"0":{"start":{"line":1,"column":0},"end":{"line":1,"column":19}}},"fnMap":{},"branchMap":{},"s":{"0":2},"f":{},"b":{},"_coverageSchema":"1a1c01bbd47fc00a2c39e90264f33305004495a9","hash":"319de31c801784c4c39f7283dd86c4003d69b04b"}
,"/Users/hiaweiqi/Downloads/Project_Folders/Appbay/Dashboard_app/react-dashbaord-app/src/components/Sidebar/index.jsx": {"path":"/Users/hiaweiqi/Downloads/Project_Folders/Appbay/Dashboard_app/react-dashbaord-app/src/components/Sidebar/index.jsx","statementMap":{"0":{"start":{"line":6,"column":2},"end":{"line":17,"column":3}}},"fnMap":{"0":{"name":"Sidebar","decl":{"start":{"line":5,"column":24},"end":{"line":5,"column":31}},"loc":{"start":{"line":5,"column":39},"end":{"line":18,"column":1}},"line":5}},"branchMap":{"0":{"loc":{"start":{"line":9,"column":71},"end":{"line":9,"column":102}},"type":"binary-expr","locations":[{"start":{"line":9,"column":71},"end":{"line":9,"column":96}},{"start":{"line":9,"column":100},"end":{"line":9,"column":102}}],"line":9}},"s":{"0":4},"f":{"0":4},"b":{"0":[4,2]},"_coverageSchema":"1a1c01bbd47fc00a2c39e90264f33305004495a9","hash":"1bada30743f5ffd3f01ae641aff51d2304520bf9"}
,"/Users/hiaweiqi/Downloads/Project_Folders/Appbay/Dashboard_app/react-dashbaord-app/src/components/Topbar/index.css": {"path":"/Users/hiaweiqi/Downloads/Project_Folders/Appbay/Dashboard_app/react-dashbaord-app/src/components/Topbar/index.css","statementMap":{"0":{"start":{"line":1,"column":0},"end":{"line":1,"column":19}}},"fnMap":{},"branchMap":{},"s":{"0":2},"f":{},"b":{},"_coverageSchema":"1a1c01bbd47fc00a2c39e90264f33305004495a9","hash":"2172aa3f9d793a1f5f43c9936e9a2cd1a6afbd7b"}
,"/Users/hiaweiqi/Downloads/Project_Folders/Appbay/Dashboard_app/react-dashbaord-app/src/components/Topbar/index.jsx": {"path":"/Users/hiaweiqi/Downloads/Project_Folders/Appbay/Dashboard_app/react-dashbaord-app/src/components/Topbar/index.jsx","statementMap":{"0":{"start":{"line":5,"column":15},"end":{"line":42,"column":1}},"1":{"start":{"line":6,"column":46},"end":{"line":6,"column":61}},"2":{"start":{"line":8,"column":25},"end":{"line":10,"column":3}},"3":{"start":{"line":9,"column":4},"end":{"line":9,"column":39}},"4":{"start":{"line":12,"column":2},"end":{"line":41,"column":4}}},"fnMap":{"0":{"name":"(anonymous_0)","decl":{"start":{"line":5,"column":15},"end":{"line":5,"column":16}},"loc":{"start":{"line":5,"column":41},"end":{"line":42,"column":1}},"line":5},"1":{"name":"(anonymous_1)","decl":{"start":{"line":8,"column":25},"end":{"line":8,"column":26}},"loc":{"start":{"line":8,"column":31},"end":{"line":10,"column":3}},"line":8}},"branchMap":{"0":{"loc":{"start":{"line":24,"column":41},"end":{"line":24,"column":69}},"type":"cond-expr","locations":[{"start":{"line":24,"column":58},"end":{"line":24,"column":64}},{"start":{"line":24,"column":67},"end":{"line":24,"column":69}}],"line":24}},"s":{"0":2,"1":4,"2":4,"3":0,"4":4},"f":{"0":4,"1":0},"b":{"0":[0,4]},"_coverageSchema":"1a1c01bbd47fc00a2c39e90264f33305004495a9","hash":"e030b4d5ba5a91db80c99f7b9e4df4b77b11351d"}
,"/Users/hiaweiqi/Downloads/Project_Folders/Appbay/Dashboard_app/react-dashbaord-app/src/components/Welcome/index.css": {"path":"/Users/hiaweiqi/Downloads/Project_Folders/Appbay/Dashboard_app/react-dashbaord-app/src/components/Welcome/index.css","statementMap":{"0":{"start":{"line":1,"column":0},"end":{"line":1,"column":19}}},"fnMap":{},"branchMap":{},"s":{"0":3},"f":{},"b":{},"_coverageSchema":"1a1c01bbd47fc00a2c39e90264f33305004495a9","hash":"b5f35f9f6a97ad95953d8b79713d10d0fc36a084"}
,"/Users/hiaweiqi/Downloads/Project_Folders/Appbay/Dashboard_app/react-dashbaord-app/src/components/Welcome/index.jsx": {"path":"/Users/hiaweiqi/Downloads/Project_Folders/Appbay/Dashboard_app/react-dashbaord-app/src/components/Welcome/index.jsx","statementMap":{"0":{"start":{"line":5,"column":2},"end":{"line":10,"column":3}}},"fnMap":{"0":{"name":"Welcome","decl":{"start":{"line":4,"column":24},"end":{"line":4,"column":31}},"loc":{"start":{"line":4,"column":87},"end":{"line":11,"column":1}},"line":4}},"branchMap":{"0":{"loc":{"start":{"line":4,"column":33},"end":{"line":4,"column":43}},"type":"default-arg","locations":[{"start":{"line":4,"column":41},"end":{"line":4,"column":43}}],"line":4},"1":{"loc":{"start":{"line":8,"column":28},"end":{"line":8,"column":144}},"type":"cond-expr","locations":[{"start":{"line":8,"column":53},"end":{"line":8,"column":117}},{"start":{"line":8,"column":120},"end":{"line":8,"column":144}}],"line":8}},"s":{"0":5},"f":{"0":5},"b":{"0":[1],"1":[3,2]},"_coverageSchema":"1a1c01bbd47fc00a2c39e90264f33305004495a9","hash":"23e763032277f1f8b1f7a802cd702d7bd90ecce8"}
,"/Users/hiaweiqi/Downloads/Project_Folders/Appbay/Dashboard_app/react-dashbaord-app/src/hooks/index.js": {"path":"/Users/hiaweiqi/Downloads/Project_Folders/Appbay/Dashboard_app/react-dashbaord-app/src/hooks/index.js","statementMap":{},"fnMap":{},"branchMap":{},"s":{},"f":{},"b":{},"_coverageSchema":"1a1c01bbd47fc00a2c39e90264f33305004495a9","hash":"5c558b83bb7016bd77c399313120de6dda673b5b"}
,"/Users/hiaweiqi/Downloads/Project_Folders/Appbay/Dashboard_app/react-dashbaord-app/src/hooks/useApiCall.jsx": {"path":"/Users/hiaweiqi/Downloads/Project_Folders/Appbay/Dashboard_app/react-dashbaord-app/src/hooks/useApiCall.jsx","statementMap":{"0":{"start":{"line":5,"column":26},"end":{"line":5,"column":40}},"1":{"start":{"line":6,"column":32},"end":{"line":6,"column":47}},"2":{"start":{"line":7,"column":28},"end":{"line":7,"column":42}},"3":{"start":{"line":9,"column":21},"end":{"line":29,"column":3}},"4":{"start":{"line":10,"column":4},"end":{"line":10,"column":21}},"5":{"start":{"line":11,"column":24},"end":{"line":11,"column":58}},"6":{"start":{"line":13,"column":4},"end":{"line":28,"column":9}},"7":{"start":{"line":21,"column":8},"end":{"line":21,"column":31}},"8":{"start":{"line":24,"column":8},"end":{"line":24,"column":24}},"9":{"start":{"line":27,"column":8},"end":{"line":27,"column":26}},"10":{"start":{"line":31,"column":2},"end":{"line":33,"column":14}},"11":{"start":{"line":32,"column":4},"end":{"line":32,"column":23}},"12":{"start":{"line":35,"column":2},"end":{"line":35,"column":46}}},"fnMap":{"0":{"name":"useApiCall","decl":{"start":{"line":4,"column":24},"end":{"line":4,"column":34}},"loc":{"start":{"line":4,"column":77},"end":{"line":36,"column":1}},"line":4},"1":{"name":"(anonymous_1)","decl":{"start":{"line":9,"column":21},"end":{"line":9,"column":22}},"loc":{"start":{"line":9,"column":27},"end":{"line":29,"column":3}},"line":9},"2":{"name":"(anonymous_2)","decl":{"start":{"line":20,"column":12},"end":{"line":20,"column":13}},"loc":{"start":{"line":20,"column":26},"end":{"line":22,"column":7}},"line":20},"3":{"name":"(anonymous_3)","decl":{"start":{"line":23,"column":13},"end":{"line":23,"column":14}},"loc":{"start":{"line":23,"column":24},"end":{"line":25,"column":7}},"line":23},"4":{"name":"(anonymous_4)","decl":{"start":{"line":26,"column":15},"end":{"line":26,"column":16}},"loc":{"start":{"line":26,"column":21},"end":{"line":28,"column":7}},"line":26},"5":{"name":"(anonymous_5)","decl":{"start":{"line":31,"column":12},"end":{"line":31,"column":13}},"loc":{"start":{"line":31,"column":18},"end":{"line":33,"column":3}},"line":31}},"branchMap":{"0":{"loc":{"start":{"line":4,"column":35},"end":{"line":4,"column":47}},"type":"default-arg","locations":[{"start":{"line":4,"column":42},"end":{"line":4,"column":47}}],"line":4},"1":{"loc":{"start":{"line":4,"column":54},"end":{"line":4,"column":64}},"type":"default-arg","locations":[{"start":{"line":4,"column":62},"end":{"line":4,"column":64}}],"line":4},"2":{"loc":{"start":{"line":4,"column":66},"end":{"line":4,"column":75}},"type":"default-arg","locations":[{"start":{"line":4,"column":73},"end":{"line":4,"column":75}}],"line":4},"3":{"loc":{"start":{"line":11,"column":24},"end":{"line":11,"column":58}},"type":"cond-expr","locations":[{"start":{"line":11,"column":39},"end":{"line":11,"column":51}},{"start":{"line":11,"column":54},"end":{"line":11,"column":58}}],"line":11}},"s":{"0":8,"1":8,"2":8,"3":8,"4":2,"5":2,"6":2,"7":1,"8":1,"9":2,"10":8,"11":3,"12":8},"f":{"0":8,"1":2,"2":1,"3":1,"4":2,"5":3},"b":{"0":[0],"1":[8],"2":[8],"3":[0,2]},"_coverageSchema":"1a1c01bbd47fc00a2c39e90264f33305004495a9","hash":"4fd66ef5d60af63586e64d1070dc2a2452cb5f07"}
,"/Users/hiaweiqi/Downloads/Project_Folders/Appbay/Dashboard_app/react-dashbaord-app/src/pages/index.js": {"path":"/Users/hiaweiqi/Downloads/Project_Folders/Appbay/Dashboard_app/react-dashbaord-app/src/pages/index.js","statementMap":{},"fnMap":{},"branchMap":{},"s":{},"f":{},"b":{},"_coverageSchema":"1a1c01bbd47fc00a2c39e90264f33305004495a9","hash":"8b3020480a1bab56169f22ffafd982dac01acc36"}
,"/Users/hiaweiqi/Downloads/Project_Folders/Appbay/Dashboard_app/react-dashbaord-app/src/pages/Home/index.css": {"path":"/Users/hiaweiqi/Downloads/Project_Folders/Appbay/Dashboard_app/react-dashbaord-app/src/pages/Home/index.css","statementMap":{"0":{"start":{"line":1,"column":0},"end":{"line":1,"column":19}}},"fnMap":{},"branchMap":{},"s":{"0":2},"f":{},"b":{},"_coverageSchema":"1a1c01bbd47fc00a2c39e90264f33305004495a9","hash":"e8dca2521877197aa9c9631beac2a2c70a5d7a2b"}
,"/Users/hiaweiqi/Downloads/Project_Folders/Appbay/Dashboard_app/react-dashbaord-app/src/pages/Home/index.jsx": {"path":"/Users/hiaweiqi/Downloads/Project_Folders/Appbay/Dashboard_app/react-dashbaord-app/src/pages/Home/index.jsx","statementMap":{"0":{"start":{"line":11,"column":25},"end":{"line":11,"column":36}},"1":{"start":{"line":12,"column":34},"end":{"line":12,"column":48}},"2":{"start":{"line":13,"column":50},"end":{"line":13,"column":64}},"3":{"start":{"line":14,"column":46},"end":{"line":14,"column":60}},"4":{"start":{"line":15,"column":44},"end":{"line":15,"column":58}},"5":{"start":{"line":17,"column":2},"end":{"line":36,"column":8}},"6":{"start":{"line":18,"column":4},"end":{"line":22,"column":8}},"7":{"start":{"line":20,"column":8},"end":{"line":20,"column":42}},"8":{"start":{"line":21,"column":8},"end":{"line":21,"column":50}},"9":{"start":{"line":24,"column":4},"end":{"line":27,"column":8}},"10":{"start":{"line":26,"column":8},"end":{"line":26,"column":47}},"11":{"start":{"line":29,"column":4},"end":{"line":34,"column":8}},"12":{"start":{"line":29,"column":32},"end":{"line":34,"column":8}},"13":{"start":{"line":31,"column":8},"end":{"line":31,"column":48}},"14":{"start":{"line":33,"column":8},"end":{"line":33,"column":25}},"15":{"start":{"line":38,"column":33},"end":{"line":49,"column":3}},"16":{"start":{"line":39,"column":4},"end":{"line":48,"column":5}},"17":{"start":{"line":51,"column":2},"end":{"line":60,"column":3}}},"fnMap":{"0":{"name":"Home","decl":{"start":{"line":10,"column":24},"end":{"line":10,"column":28}},"loc":{"start":{"line":10,"column":41},"end":{"line":61,"column":1}},"line":10},"1":{"name":"(anonymous_1)","decl":{"start":{"line":17,"column":12},"end":{"line":17,"column":13}},"loc":{"start":{"line":17,"column":18},"end":{"line":36,"column":3}},"line":17},"2":{"name":"(anonymous_2)","decl":{"start":{"line":19,"column":12},"end":{"line":19,"column":13}},"loc":{"start":{"line":19,"column":21},"end":{"line":22,"column":7}},"line":19},"3":{"name":"(anonymous_3)","decl":{"start":{"line":25,"column":12},"end":{"line":25,"column":13}},"loc":{"start":{"line":25,"column":21},"end":{"line":27,"column":7}},"line":25},"4":{"name":"(anonymous_4)","decl":{"start":{"line":30,"column":12},"end":{"line":30,"column":13}},"loc":{"start":{"line":30,"column":21},"end":{"line":32,"column":7}},"line":30},"5":{"name":"(anonymous_5)","decl":{"start":{"line":32,"column":15},"end":{"line":32,"column":16}},"loc":{"start":{"line":32,"column":24},"end":{"line":34,"column":7}},"line":32},"6":{"name":"(anonymous_6)","decl":{"start":{"line":38,"column":33},"end":{"line":38,"column":34}},"loc":{"start":{"line":38,"column":39},"end":{"line":49,"column":3}},"line":38}},"branchMap":{"0":{"loc":{"start":{"line":29,"column":4},"end":{"line":34,"column":8}},"type":"if","locations":[{"start":{"line":29,"column":4},"end":{"line":34,"column":8}},{"start":{},"end":{}}],"line":29},"1":{"loc":{"start":{"line":40,"column":6},"end":{"line":47,"column":14}},"type":"cond-expr","locations":[{"start":{"line":41,"column":10},"end":{"line":44,"column":14}},{"start":{"line":45,"column":10},"end":{"line":47,"column":14}}],"line":40},"2":{"loc":{"start":{"line":40,"column":6},"end":{"line":40,"column":65}},"type":"binary-expr","locations":[{"start":{"line":40,"column":6},"end":{"line":40,"column":30}},{"start":{"line":40,"column":34},"end":{"line":40,"column":48}},{"start":{"line":40,"column":52},"end":{"line":40,"column":65}}],"line":40},"3":{"loc":{"start":{"line":42,"column":11},"end":{"line":42,"column":74}},"type":"binary-expr","locations":[{"start":{"line":42,"column":11},"end":{"line":42,"column":25}},{"start":{"line":42,"column":29},"end":{"line":42,"column":74}}],"line":42},"4":{"loc":{"start":{"line":43,"column":11},"end":{"line":43,"column":67}},"type":"binary-expr","locations":[{"start":{"line":43,"column":11},"end":{"line":43,"column":24}},{"start":{"line":43,"column":28},"end":{"line":43,"column":67}}],"line":43},"5":{"loc":{"start":{"line":46,"column":11},"end":{"line":46,"column":67}},"type":"binary-expr","locations":[{"start":{"line":46,"column":11},"end":{"line":46,"column":24}},{"start":{"line":46,"column":28},"end":{"line":46,"column":67}}],"line":46}},"s":{"0":4,"1":4,"2":4,"3":4,"4":4,"5":4,"6":2,"7":2,"8":2,"9":2,"10":2,"11":2,"12":1,"13":1,"14":0,"15":4,"16":4,"17":4},"f":{"0":4,"1":2,"2":2,"3":2,"4":1,"5":0,"6":4},"b":{"0":[1,1],"1":[1,3],"2":[4,2,1],"3":[1,1],"4":[1,1],"5":[3,1]},"_coverageSchema":"1a1c01bbd47fc00a2c39e90264f33305004495a9","hash":"a31a119bf83408e04740e4edb67241881dafffd8"}
,"/Users/hiaweiqi/Downloads/Project_Folders/Appbay/Dashboard_app/react-dashbaord-app/src/pages/Home/Components/CareerGoal.jsx": {"path":"/Users/hiaweiqi/Downloads/Project_Folders/Appbay/Dashboard_app/react-dashbaord-app/src/pages/Home/Components/CareerGoal.jsx","statementMap":{"0":{"start":{"line":6,"column":2},"end":{"line":17,"column":3}}},"fnMap":{"0":{"name":"CareerGoal","decl":{"start":{"line":5,"column":24},"end":{"line":5,"column":34}},"loc":{"start":{"line":5,"column":59},"end":{"line":18,"column":1}},"line":5}},"branchMap":{},"s":{"0":1},"f":{"0":1},"b":{},"_coverageSchema":"1a1c01bbd47fc00a2c39e90264f33305004495a9","hash":"d8c5a17525af906f76442bdd6880078591c72a9f"}
,"/Users/hiaweiqi/Downloads/Project_Folders/Appbay/Dashboard_app/react-dashbaord-app/src/pages/Home/Components/Documents.jsx": {"path":"/Users/hiaweiqi/Downloads/Project_Folders/Appbay/Dashboard_app/react-dashbaord-app/src/pages/Home/Components/Documents.jsx","statementMap":{"0":{"start":{"line":5,"column":2},"end":{"line":15,"column":3}}},"fnMap":{"0":{"name":"Documents","decl":{"start":{"line":4,"column":24},"end":{"line":4,"column":33}},"loc":{"start":{"line":4,"column":57},"end":{"line":16,"column":1}},"line":4}},"branchMap":{},"s":{"0":2},"f":{"0":2},"b":{},"_coverageSchema":"1a1c01bbd47fc00a2c39e90264f33305004495a9","hash":"625864a7bef463ee9c017afcbf22d7ae381c53b7"}
,"/Users/hiaweiqi/Downloads/Project_Folders/Appbay/Dashboard_app/react-dashbaord-app/src/pages/Home/Components/index.css": {"path":"/Users/hiaweiqi/Downloads/Project_Folders/Appbay/Dashboard_app/react-dashbaord-app/src/pages/Home/Components/index.css","statementMap":{"0":{"start":{"line":1,"column":0},"end":{"line":1,"column":19}}},"fnMap":{},"branchMap":{},"s":{"0":2},"f":{},"b":{},"_coverageSchema":"1a1c01bbd47fc00a2c39e90264f33305004495a9","hash":"e730c10bf9533517400b95a5701206eaf17e68e6"}
,"/Users/hiaweiqi/Downloads/Project_Folders/Appbay/Dashboard_app/react-dashbaord-app/src/pages/Login/index.css": {"path":"/Users/hiaweiqi/Downloads/Project_Folders/Appbay/Dashboard_app/react-dashbaord-app/src/pages/Login/index.css","statementMap":{"0":{"start":{"line":1,"column":0},"end":{"line":1,"column":19}}},"fnMap":{},"branchMap":{},"s":{"0":1},"f":{},"b":{},"_coverageSchema":"1a1c01bbd47fc00a2c39e90264f33305004495a9","hash":"b3a4954270625f0baf231585c7fffe45057fc054"}
,"/Users/hiaweiqi/Downloads/Project_Folders/Appbay/Dashboard_app/react-dashbaord-app/src/pages/Login/index.jsx": {"path":"/Users/hiaweiqi/Downloads/Project_Folders/Appbay/Dashboard_app/react-dashbaord-app/src/pages/Login/index.jsx","statementMap":{"0":{"start":{"line":6,"column":2},"end":{"line":24,"column":3}}},"fnMap":{"0":{"name":"Login","decl":{"start":{"line":5,"column":24},"end":{"line":5,"column":29}},"loc":{"start":{"line":5,"column":32},"end":{"line":25,"column":1}},"line":5}},"branchMap":{},"s":{"0":2},"f":{"0":2},"b":{},"_coverageSchema":"1a1c01bbd47fc00a2c39e90264f33305004495a9","hash":"8c61f3484e195d5b6d3fbc4ff8ea6880dca6c6cd"}
}
