TN:
SF:src/assets/images/chevron-down.svg
FNF:0
FNH:0
DA:1,2
LF:1
LH:1
BRF:0
BRH:0
end_of_record
TN:
SF:src/assets/images/document.svg
FNF:0
FNH:0
DA:1,2
LF:1
LH:1
BRF:0
BRH:0
end_of_record
TN:
SF:src/assets/images/documentItem.svg
FNF:0
FNH:0
DA:1,2
LF:1
LH:1
BRF:0
BRH:0
end_of_record
TN:
SF:src/assets/images/home.svg
FNF:0
FNH:0
DA:1,2
LF:1
LH:1
BRF:0
BRH:0
end_of_record
TN:
SF:src/assets/images/idea.svg
FNF:0
FNH:0
DA:1,2
LF:1
LH:1
BRF:0
BRH:0
end_of_record
TN:
SF:src/assets/images/index.js
FNF:0
FNH:0
LF:0
LH:0
BRF:0
BRH:0
end_of_record
TN:
SF:src/assets/images/logout.svg
FNF:0
FNH:0
DA:1,2
LF:1
LH:1
BRF:0
BRH:0
end_of_record
TN:
SF:src/assets/images/menu.svg
FNF:0
FNH:0
DA:1,2
LF:1
LH:1
BRF:0
BRH:0
end_of_record
TN:
SF:src/assets/images/privacy.svg
FNF:0
FNH:0
DA:1,2
LF:1
LH:1
BRF:0
BRH:0
end_of_record
TN:
SF:src/assets/images/setting.svg
FNF:0
FNH:0
DA:1,2
LF:1
LH:1
BRF:0
BRH:0
end_of_record
TN:
SF:src/components/index.js
FNF:0
FNH:0
LF:0
LH:0
BRF:0
BRH:0
end_of_record
TN:
SF:src/components/Card/index.css
FNF:0
FNH:0
DA:1,3
LF:1
LH:1
BRF:0
BRH:0
end_of_record
TN:
SF:src/components/Card/index.jsx
FN:4,Card
FNF:1
FNH:1
FNDA:8,Card
DA:5,8
LF:1
LH:1
BRF:0
BRH:0
end_of_record
TN:
SF:src/components/FolderTree/index.css
FNF:0
FNH:0
DA:1,2
LF:1
LH:1
BRF:0
BRH:0
end_of_record
TN:
SF:src/components/FolderTree/index.jsx
FN:5,FolderList
FN:18,(anonymous_1)
FNF:2
FNH:2
FNDA:2,FolderList
FNDA:4,(anonymous_1)
DA:6,2
DA:19,4
LF:2
LH:2
BRDA:12,0,0,0
BRDA:12,0,1,2
BRDA:13,1,0,0
BRDA:13,1,1,2
BRDA:23,2,0,4
BRDA:23,2,1,2
BRF:6
BRH:4
end_of_record
TN:
SF:src/components/ProgressCircle/index.css
FNF:0
FNH:0
DA:1,2
LF:1
LH:1
BRF:0
BRH:0
end_of_record
TN:
SF:src/components/ProgressCircle/index.jsx
FN:4,(anonymous_0)
FNF:1
FNH:1
FNDA:1,(anonymous_0)
DA:4,2
DA:5,1
LF:2
LH:2
BRF:0
BRH:0
end_of_record
TN:
SF:src/components/Sidebar/index.css
FNF:0
FNH:0
DA:1,2
LF:1
LH:1
BRF:0
BRH:0
end_of_record
TN:
SF:src/components/Sidebar/index.jsx
FN:5,Sidebar
FNF:1
FNH:1
FNDA:4,Sidebar
DA:6,4
LF:1
LH:1
BRDA:9,0,0,4
BRDA:9,0,1,2
BRF:2
BRH:2
end_of_record
TN:
SF:src/components/Topbar/index.css
FNF:0
FNH:0
DA:1,2
LF:1
LH:1
BRF:0
BRH:0
end_of_record
TN:
SF:src/components/Topbar/index.jsx
FN:5,(anonymous_0)
FN:8,(anonymous_1)
FNF:2
FNH:1
FNDA:4,(anonymous_0)
FNDA:0,(anonymous_1)
DA:5,2
DA:6,4
DA:8,4
DA:9,0
DA:12,4
LF:5
LH:4
BRDA:24,0,0,0
BRDA:24,0,1,4
BRF:2
BRH:1
end_of_record
TN:
SF:src/components/Welcome/index.css
FNF:0
FNH:0
DA:1,3
LF:1
LH:1
BRF:0
BRH:0
end_of_record
TN:
SF:src/components/Welcome/index.jsx
FN:4,Welcome
FNF:1
FNH:1
FNDA:5,Welcome
DA:5,5
LF:1
LH:1
BRDA:4,0,0,1
BRDA:8,1,0,3
BRDA:8,1,1,2
BRF:3
BRH:3
end_of_record
TN:
SF:src/hooks/index.js
FNF:0
FNH:0
LF:0
LH:0
BRF:0
BRH:0
end_of_record
TN:
SF:src/hooks/useApiCall.jsx
FN:4,useApiCall
FN:9,(anonymous_1)
FN:20,(anonymous_2)
FN:23,(anonymous_3)
FN:26,(anonymous_4)
FN:31,(anonymous_5)
FNF:6
FNH:6
FNDA:8,useApiCall
FNDA:2,(anonymous_1)
FNDA:1,(anonymous_2)
FNDA:1,(anonymous_3)
FNDA:2,(anonymous_4)
FNDA:3,(anonymous_5)
DA:5,8
DA:6,8
DA:7,8
DA:9,8
DA:10,2
DA:11,2
DA:13,2
DA:21,1
DA:24,1
DA:27,2
DA:31,8
DA:32,3
DA:35,8
LF:13
LH:13
BRDA:4,0,0,0
BRDA:4,1,0,8
BRDA:4,2,0,8
BRDA:11,3,0,0
BRDA:11,3,1,2
BRF:5
BRH:3
end_of_record
TN:
SF:src/pages/index.js
FNF:0
FNH:0
LF:0
LH:0
BRF:0
BRH:0
end_of_record
TN:
SF:src/pages/Home/index.css
FNF:0
FNH:0
DA:1,2
LF:1
LH:1
BRF:0
BRH:0
end_of_record
TN:
SF:src/pages/Home/index.jsx
FN:10,Home
FN:17,(anonymous_1)
FN:19,(anonymous_2)
FN:25,(anonymous_3)
FN:30,(anonymous_4)
FN:32,(anonymous_5)
FN:38,(anonymous_6)
FNF:7
FNH:6
FNDA:4,Home
FNDA:2,(anonymous_1)
FNDA:2,(anonymous_2)
FNDA:2,(anonymous_3)
FNDA:1,(anonymous_4)
FNDA:0,(anonymous_5)
FNDA:4,(anonymous_6)
DA:11,4
DA:12,4
DA:13,4
DA:14,4
DA:15,4
DA:17,4
DA:18,2
DA:20,2
DA:21,2
DA:24,2
DA:26,2
DA:29,2
DA:31,1
DA:33,0
DA:38,4
DA:39,4
DA:51,4
LF:17
LH:16
BRDA:29,0,0,1
BRDA:29,0,1,1
BRDA:40,1,0,1
BRDA:40,1,1,3
BRDA:40,2,0,4
BRDA:40,2,1,2
BRDA:40,2,2,1
BRDA:42,3,0,1
BRDA:42,3,1,1
BRDA:43,4,0,1
BRDA:43,4,1,1
BRDA:46,5,0,3
BRDA:46,5,1,1
BRF:13
BRH:13
end_of_record
TN:
SF:src/pages/Home/Components/CareerGoal.jsx
FN:5,CareerGoal
FNF:1
FNH:1
FNDA:1,CareerGoal
DA:6,1
LF:1
LH:1
BRF:0
BRH:0
end_of_record
TN:
SF:src/pages/Home/Components/Documents.jsx
FN:4,Documents
FNF:1
FNH:1
FNDA:2,Documents
DA:5,2
LF:1
LH:1
BRF:0
BRH:0
end_of_record
TN:
SF:src/pages/Home/Components/index.css
FNF:0
FNH:0
DA:1,2
LF:1
LH:1
BRF:0
BRH:0
end_of_record
TN:
SF:src/pages/Login/index.css
FNF:0
FNH:0
DA:1,1
LF:1
LH:1
BRF:0
BRH:0
end_of_record
TN:
SF:src/pages/Login/index.jsx
FN:5,Login
FNF:1
FNH:1
FNDA:2,Login
DA:6,2
LF:1
LH:1
BRF:0
BRH:0
end_of_record
